<?xml version="1.0" encoding="UTF-8" ?>
<testsuite failures="0" time="20.916" errors="0" skipped="0" tests="1" name="TestSelenium1">
  <properties>
    <property name="java.runtime.name" value="Java(TM) SE Runtime Environment"/>
    <property name="sun.boot.library.path" value="C:\Program Files\Java\jdk1.6.0_17\jre\bin"/>
    <property name="java.vm.version" value="14.3-b01"/>
    <property name="java.vm.vendor" value="Sun Microsystems Inc."/>
    <property name="java.vendor.url" value="http://java.sun.com/"/>
    <property name="path.separator" value=";"/>
    <property name="java.vm.name" value="Java HotSpot(TM) Client VM"/>
    <property name="file.encoding.pkg" value="sun.io"/>
    <property name="user.country" value="PL"/>
    <property name="sun.java.launcher" value="SUN_STANDARD"/>
    <property name="sun.os.patch.level" value=""/>
    <property name="java.vm.specification.name" value="Java Virtual Machine Specification"/>
    <property name="user.dir" value="C:\Users\mateusz\Documents\NetBeansProjects\TourDeSeleniumEpisode1"/>
    <property name="java.runtime.version" value="1.6.0_17-b04"/>
    <property name="java.awt.graphicsenv" value="sun.awt.Win32GraphicsEnvironment"/>
    <property name="basedir" value="C:\Users\mateusz\Documents\NetBeansProjects\TourDeSeleniumEpisode1"/>
    <property name="java.endorsed.dirs" value="C:\Program Files\Java\jdk1.6.0_17\jre\lib\endorsed"/>
    <property name="os.arch" value="x86"/>
    <property name="surefire.real.class.path" value="C:\Users\mateusz\Documents\NetBeansProjects\TourDeSeleniumEpisode1\target\surefire\surefirebooter3675332100664294210.jar"/>
    <property name="java.io.tmpdir" value="C:\Users\mateusz\AppData\Local\Temp\"/>
    <property name="line.separator" value="
"/>
    <property name="java.vm.specification.vendor" value="Sun Microsystems Inc."/>
    <property name="user.variant" value=""/>
    <property name="os.name" value="Windows 7"/>
    <property name="sun.jnu.encoding" value="Cp1250"/>
    <property name="java.library.path" value="C:\Program Files\Java\jdk1.6.0_17\jre\bin;.;C:\Windows\Sun\Java\bin;C:\Windows\system32;C:\Windows;C:\jdk1.3.1_15\bin;C:\Program Files\Common Files\Microsoft Shared\Windows Live;C:\Windows\system32;C:\Windows;C:\Windows\System32\Wbem;C:\Windows\System32\WindowsPowerShell\v1.0\;c:\Program Files\Microsoft SQL Server\90\Tools\binn\;C:\Program Files\ThinkPad\Bluetooth Software\;C:\Program Files\sges-v3\bin;C:\Program Files\TortoiseSVN\bin;C:\Program Files\Windows Live\Shared;c:\Program Files\Microsoft SQL Server\100\Tools\Binn\;c:\Program Files\Microsoft SQL Server\100\DTS\Binn\;C:\Program Files\Microsoft SQL Server\80\Tools\Binn\;c:\jruby-1.5.0\bin;C:\Program Files\Ericsson\Network Resource Gateway SDK\R5A02\simulator\lib\net\erlang\bin;C:\Program Files\Ericsson\Network Resource Gateway SDK\R5A02\tools\ant\bin;C:\Program Files\Java\jdk1.7.0_03\bin"/>
    <property name="surefire.test.class.path" value="C:\Users\mateusz\Documents\NetBeansProjects\TourDeSeleniumEpisode1\target\test-classes;C:\Users\mateusz\Documents\NetBeansProjects\TourDeSeleniumEpisode1\target\classes;C:\Users\mateusz\.m2\repository\junit\junit\4.5\junit-4.5.jar;C:\Users\mateusz\.m2\repository\org\seleniumhq\selenium\selenium-java\2.15.0\selenium-java-2.15.0.jar;C:\Users\mateusz\.m2\repository\org\seleniumhq\selenium\selenium-android-driver\2.15.0\selenium-android-driver-2.15.0.jar;C:\Users\mateusz\.m2\repository\org\seleniumhq\selenium\selenium-chrome-driver\2.15.0\selenium-chrome-driver-2.15.0.jar;C:\Users\mateusz\.m2\repository\org\seleniumhq\selenium\selenium-htmlunit-driver\2.15.0\selenium-htmlunit-driver-2.15.0.jar;C:\Users\mateusz\.m2\repository\org\seleniumhq\selenium\selenium-api\2.15.0\selenium-api-2.15.0.jar;C:\Users\mateusz\.m2\repository\net\sourceforge\htmlunit\htmlunit\2.9\htmlunit-2.9.jar;C:\Users\mateusz\.m2\repository\xalan\xalan\2.7.1\xalan-2.7.1.jar;C:\Users\mateusz\.m2\repository\xalan\serializer\2.7.1\serializer-2.7.1.jar;C:\Users\mateusz\.m2\repository\commons-collections\commons-collections\3.2.1\commons-collections-3.2.1.jar;C:\Users\mateusz\.m2\repository\commons-lang\commons-lang\2.6\commons-lang-2.6.jar;C:\Users\mateusz\.m2\repository\org\apache\httpcomponents\httpmime\4.1.2\httpmime-4.1.2.jar;C:\Users\mateusz\.m2\repository\commons-codec\commons-codec\1.4\commons-codec-1.4.jar;C:\Users\mateusz\.m2\repository\net\sourceforge\htmlunit\htmlunit-core-js\2.9\htmlunit-core-js-2.9.jar;C:\Users\mateusz\.m2\repository\xerces\xercesImpl\2.9.1\xercesImpl-2.9.1.jar;C:\Users\mateusz\.m2\repository\xml-apis\xml-apis\1.3.04\xml-apis-1.3.04.jar;C:\Users\mateusz\.m2\repository\net\sourceforge\nekohtml\nekohtml\1.9.15\nekohtml-1.9.15.jar;C:\Users\mateusz\.m2\repository\net\sourceforge\cssparser\cssparser\0.9.5\cssparser-0.9.5.jar;C:\Users\mateusz\.m2\repository\org\w3c\css\sac\1.3\sac-1.3.jar;C:\Users\mateusz\.m2\repository\commons-logging\commons-logging\1.1.1\commons-logging-1.1.1.jar;C:\Users\mateusz\.m2\repository\org\apache\httpcomponents\httpclient\4.1.2\httpclient-4.1.2.jar;C:\Users\mateusz\.m2\repository\org\apache\httpcomponents\httpcore\4.1.2\httpcore-4.1.2.jar;C:\Users\mateusz\.m2\repository\org\seleniumhq\selenium\selenium-firefox-driver\2.15.0\selenium-firefox-driver-2.15.0.jar;C:\Users\mateusz\.m2\repository\commons-io\commons-io\2.0.1\commons-io-2.0.1.jar;C:\Users\mateusz\.m2\repository\org\seleniumhq\selenium\selenium-ie-driver\2.15.0\selenium-ie-driver-2.15.0.jar;C:\Users\mateusz\.m2\repository\net\java\dev\jna\jna\3.3.0\jna-3.3.0.jar;C:\Users\mateusz\.m2\repository\org\seleniumhq\selenium\selenium-iphone-driver\2.15.0\selenium-iphone-driver-2.15.0.jar;C:\Users\mateusz\.m2\repository\org\seleniumhq\selenium\selenium-support\2.15.0\selenium-support-2.15.0.jar;C:\Users\mateusz\.m2\repository\com\opera\operadriver\0.10\operadriver-0.10.jar;C:\Users\mateusz\.m2\repository\com\opera\operalaunchers\0.6\operalaunchers-0.6.jar;C:\Users\mateusz\.m2\repository\com\google\protobuf\protobuf-java\2.4.1\protobuf-java-2.4.1.jar;C:\Users\mateusz\.m2\repository\com\google\guava\guava\11.0.1\guava-11.0.1.jar;C:\Users\mateusz\.m2\repository\com\google\code\findbugs\jsr305\1.3.9\jsr305-1.3.9.jar;C:\Users\mateusz\.m2\repository\commons-jxpath\commons-jxpath\1.3\commons-jxpath-1.3.jar;C:\Users\mateusz\.m2\repository\org\apache\commons\commons-exec\1.1\commons-exec-1.1.jar;C:\Users\mateusz\.m2\repository\org\ini4j\ini4j\0.5.2\ini4j-0.5.2.jar;C:\Users\mateusz\.m2\repository\org\seleniumhq\selenium\selenium-remote-driver\2.17.0\selenium-remote-driver-2.17.0.jar;C:\Users\mateusz\.m2\repository\cglib\cglib-nodep\2.1_3\cglib-nodep-2.1_3.jar;C:\Users\mateusz\.m2\repository\org\json\json\20080701\json-20080701.jar;C:\Users\mateusz\.m2\repository\net\java\dev\jna\platform\3.4.0\platform-3.4.0.jar;"/>
    <property name="java.specification.name" value="Java Platform API Specification"/>
    <property name="java.class.version" value="50.0"/>
    <property name="sun.management.compiler" value="HotSpot Client Compiler"/>
    <property name="os.version" value="6.1"/>
    <property name="user.home" value="C:\Users\mateusz"/>
    <property name="user.timezone" value=""/>
    <property name="java.awt.printerjob" value="sun.awt.windows.WPrinterJob"/>
    <property name="java.specification.version" value="1.6"/>
    <property name="file.encoding" value="Cp1250"/>
    <property name="user.name" value="mateusz"/>
    <property name="java.class.path" value="C:\Users\mateusz\Documents\NetBeansProjects\TourDeSeleniumEpisode1\target\test-classes;C:\Users\mateusz\Documents\NetBeansProjects\TourDeSeleniumEpisode1\target\classes;C:\Users\mateusz\.m2\repository\junit\junit\4.5\junit-4.5.jar;C:\Users\mateusz\.m2\repository\org\seleniumhq\selenium\selenium-java\2.15.0\selenium-java-2.15.0.jar;C:\Users\mateusz\.m2\repository\org\seleniumhq\selenium\selenium-android-driver\2.15.0\selenium-android-driver-2.15.0.jar;C:\Users\mateusz\.m2\repository\org\seleniumhq\selenium\selenium-chrome-driver\2.15.0\selenium-chrome-driver-2.15.0.jar;C:\Users\mateusz\.m2\repository\org\seleniumhq\selenium\selenium-htmlunit-driver\2.15.0\selenium-htmlunit-driver-2.15.0.jar;C:\Users\mateusz\.m2\repository\org\seleniumhq\selenium\selenium-api\2.15.0\selenium-api-2.15.0.jar;C:\Users\mateusz\.m2\repository\net\sourceforge\htmlunit\htmlunit\2.9\htmlunit-2.9.jar;C:\Users\mateusz\.m2\repository\xalan\xalan\2.7.1\xalan-2.7.1.jar;C:\Users\mateusz\.m2\repository\xalan\serializer\2.7.1\serializer-2.7.1.jar;C:\Users\mateusz\.m2\repository\commons-collections\commons-collections\3.2.1\commons-collections-3.2.1.jar;C:\Users\mateusz\.m2\repository\commons-lang\commons-lang\2.6\commons-lang-2.6.jar;C:\Users\mateusz\.m2\repository\org\apache\httpcomponents\httpmime\4.1.2\httpmime-4.1.2.jar;C:\Users\mateusz\.m2\repository\commons-codec\commons-codec\1.4\commons-codec-1.4.jar;C:\Users\mateusz\.m2\repository\net\sourceforge\htmlunit\htmlunit-core-js\2.9\htmlunit-core-js-2.9.jar;C:\Users\mateusz\.m2\repository\xerces\xercesImpl\2.9.1\xercesImpl-2.9.1.jar;C:\Users\mateusz\.m2\repository\xml-apis\xml-apis\1.3.04\xml-apis-1.3.04.jar;C:\Users\mateusz\.m2\repository\net\sourceforge\nekohtml\nekohtml\1.9.15\nekohtml-1.9.15.jar;C:\Users\mateusz\.m2\repository\net\sourceforge\cssparser\cssparser\0.9.5\cssparser-0.9.5.jar;C:\Users\mateusz\.m2\repository\org\w3c\css\sac\1.3\sac-1.3.jar;C:\Users\mateusz\.m2\repository\commons-logging\commons-logging\1.1.1\commons-logging-1.1.1.jar;C:\Users\mateusz\.m2\repository\org\apache\httpcomponents\httpclient\4.1.2\httpclient-4.1.2.jar;C:\Users\mateusz\.m2\repository\org\apache\httpcomponents\httpcore\4.1.2\httpcore-4.1.2.jar;C:\Users\mateusz\.m2\repository\org\seleniumhq\selenium\selenium-firefox-driver\2.15.0\selenium-firefox-driver-2.15.0.jar;C:\Users\mateusz\.m2\repository\commons-io\commons-io\2.0.1\commons-io-2.0.1.jar;C:\Users\mateusz\.m2\repository\org\seleniumhq\selenium\selenium-ie-driver\2.15.0\selenium-ie-driver-2.15.0.jar;C:\Users\mateusz\.m2\repository\net\java\dev\jna\jna\3.3.0\jna-3.3.0.jar;C:\Users\mateusz\.m2\repository\org\seleniumhq\selenium\selenium-iphone-driver\2.15.0\selenium-iphone-driver-2.15.0.jar;C:\Users\mateusz\.m2\repository\org\seleniumhq\selenium\selenium-support\2.15.0\selenium-support-2.15.0.jar;C:\Users\mateusz\.m2\repository\com\opera\operadriver\0.10\operadriver-0.10.jar;C:\Users\mateusz\.m2\repository\com\opera\operalaunchers\0.6\operalaunchers-0.6.jar;C:\Users\mateusz\.m2\repository\com\google\protobuf\protobuf-java\2.4.1\protobuf-java-2.4.1.jar;C:\Users\mateusz\.m2\repository\com\google\guava\guava\11.0.1\guava-11.0.1.jar;C:\Users\mateusz\.m2\repository\com\google\code\findbugs\jsr305\1.3.9\jsr305-1.3.9.jar;C:\Users\mateusz\.m2\repository\commons-jxpath\commons-jxpath\1.3\commons-jxpath-1.3.jar;C:\Users\mateusz\.m2\repository\org\apache\commons\commons-exec\1.1\commons-exec-1.1.jar;C:\Users\mateusz\.m2\repository\org\ini4j\ini4j\0.5.2\ini4j-0.5.2.jar;C:\Users\mateusz\.m2\repository\org\seleniumhq\selenium\selenium-remote-driver\2.17.0\selenium-remote-driver-2.17.0.jar;C:\Users\mateusz\.m2\repository\cglib\cglib-nodep\2.1_3\cglib-nodep-2.1_3.jar;C:\Users\mateusz\.m2\repository\org\json\json\20080701\json-20080701.jar;C:\Users\mateusz\.m2\repository\net\java\dev\jna\platform\3.4.0\platform-3.4.0.jar;"/>
    <property name="java.vm.specification.version" value="1.0"/>
    <property name="sun.arch.data.model" value="32"/>
    <property name="java.home" value="C:\Program Files\Java\jdk1.6.0_17\jre"/>
    <property name="java.specification.vendor" value="Sun Microsystems Inc."/>
    <property name="user.language" value="pl"/>
    <property name="awt.toolkit" value="sun.awt.windows.WToolkit"/>
    <property name="java.vm.info" value="mixed mode, sharing"/>
    <property name="java.version" value="1.6.0_17"/>
    <property name="java.ext.dirs" value="C:\Program Files\Java\jdk1.6.0_17\jre\lib\ext;C:\Windows\Sun\Java\lib\ext"/>
    <property name="sun.boot.class.path" value="C:\Program Files\Java\jdk1.6.0_17\jre\lib\resources.jar;C:\Program Files\Java\jdk1.6.0_17\jre\lib\rt.jar;C:\Program Files\Java\jdk1.6.0_17\jre\lib\sunrsasign.jar;C:\Program Files\Java\jdk1.6.0_17\jre\lib\jsse.jar;C:\Program Files\Java\jdk1.6.0_17\jre\lib\jce.jar;C:\Program Files\Java\jdk1.6.0_17\jre\lib\charsets.jar;C:\Program Files\Java\jdk1.6.0_17\jre\classes"/>
    <property name="java.vendor" value="Sun Microsystems Inc."/>
    <property name="localRepository" value="C:\Users\mateusz\.m2\repository"/>
    <property name="file.separator" value="\"/>
    <property name="java.vendor.url.bug" value="http://java.sun.com/cgi-bin/bugreport.cgi"/>
    <property name="sun.cpu.endian" value="little"/>
    <property name="sun.io.unicode.encoding" value="UnicodeLittle"/>
    <property name="sun.desktop" value="windows"/>
    <property name="sun.cpu.isalist" value="pentium_pro+mmx pentium_pro pentium+mmx pentium i486 i386 i86"/>
  </properties>
  <testcase time="20.86" classname="TestSelenium1" name="selenium1"/>
</testsuite>